<?xml version="1.0" encoding="UTF-8"?>
<!-- Generated by org.testng.reporters.JUnitXMLReporter -->
<testsuite hostname="MacBook-Air-losyash.local" name="Test" tests="8" failures="0" timestamp="2 Oct 2013 19:35:12 GMT" time="26.307" errors="0">
  <testcase name="bigNumberTest" time="2.946" classname="com.technopark.ConverterTest"/>
  <testcase name="correctInputTest" time="2.862" classname="com.technopark.ConverterTest"/>
  <testcase name="emptyTest" time="2.471" classname="com.technopark.ConverterTest"/>
  <testcase name="floatTest" time="2.563" classname="com.technopark.ConverterTest"/>
  <testcase name="negativeTest" time="2.418" classname="com.technopark.ConverterTest"/>
  <testcase name="oneTest" time="3.01" classname="com.technopark.ConverterTest"/>
  <testcase name="wordTest" time="2.519" classname="com.technopark.ConverterTest"/>
  <testcase name="zeroTest" time="2.943" classname="com.technopark.ConverterTest"/>
</testsuite> <!-- Test -->
