<?xml version="1.0" encoding="UTF-8"?>
<!-- Generated by org.testng.reporters.JUnitXMLReporter -->
<testsuite hostname="MacBook-Air-losyash.local" name="Test2" tests="8" failures="0" timestamp="2 Oct 2013 19:35:17 GMT" time="31.676" errors="0">
  <testcase name="bigNumberTest" time="8.86" classname="com.technopark.ConverterTest"/>
  <testcase name="correctInputTest" time="3.305" classname="com.technopark.ConverterTest"/>
  <testcase name="emptyTest" time="3.234" classname="com.technopark.ConverterTest"/>
  <testcase name="floatTest" time="3.028" classname="com.technopark.ConverterTest"/>
  <testcase name="negativeTest" time="3.066" classname="com.technopark.ConverterTest"/>
  <testcase name="oneTest" time="3.638" classname="com.technopark.ConverterTest"/>
  <testcase name="wordTest" time="2.74" classname="com.technopark.ConverterTest"/>
  <testcase name="zeroTest" time="3.119" classname="com.technopark.ConverterTest"/>
</testsuite> <!-- Test2 -->
