<?xml version="1.0" encoding="UTF-8"?>
<!-- Generated by org.testng.reporters.JUnitXMLReporter -->
<testsuite hostname="MacBook-Air-losyash.local" name="TestChrome" tests="8" failures="0" timestamp="2 Oct 2013 19:36:03 GMT" time="26.939" errors="0">
  <testcase name="bigNumberTest" time="2.862" classname="com.technopark.ConverterTest"/>
  <testcase name="correctInputTest" time="3.406" classname="com.technopark.ConverterTest"/>
  <testcase name="emptyTest" time="2.578" classname="com.technopark.ConverterTest"/>
  <testcase name="floatTest" time="2.333" classname="com.technopark.ConverterTest"/>
  <testcase name="negativeTest" time="2.888" classname="com.technopark.ConverterTest"/>
  <testcase name="oneTest" time="3.521" classname="com.technopark.ConverterTest"/>
  <testcase name="wordTest" time="2.35" classname="com.technopark.ConverterTest"/>
  <testcase name="zeroTest" time="2.461" classname="com.technopark.ConverterTest"/>
</testsuite> <!-- TestChrome -->
