<?xml version="1.0" encoding="UTF-8"?>
<!-- Generated by org.testng.reporters.JUnitXMLReporter -->
<testsuite hostname="MacBook-Air-losyash.local" name="TestFF" tests="8" failures="0" timestamp="2 Oct 2013 19:36:09 GMT" time="32.652" errors="0">
  <testcase name="bigNumberTest" time="9.902" classname="com.technopark.ConverterTest"/>
  <testcase name="correctInputTest" time="3.38" classname="com.technopark.ConverterTest"/>
  <testcase name="emptyTest" time="3.321" classname="com.technopark.ConverterTest"/>
  <testcase name="floatTest" time="3.302" classname="com.technopark.ConverterTest"/>
  <testcase name="negativeTest" time="3.27" classname="com.technopark.ConverterTest"/>
  <testcase name="oneTest" time="3.066" classname="com.technopark.ConverterTest"/>
  <testcase name="wordTest" time="2.786" classname="com.technopark.ConverterTest"/>
  <testcase name="zeroTest" time="2.952" classname="com.technopark.ConverterTest"/>
</testsuite> <!-- TestFF -->
