<?xml version="1.0" encoding="UTF-8"?>
<testng-results skipped="0" failed="0" total="16" passed="16">
  <reporter-output>
  </reporter-output>
  <suite name="Suite" duration-ms="56949" started-at="2013-10-03T12:32:09Z" finished-at="2013-10-03T12:33:06Z">
    <groups>
    </groups>
    <test name="TestFF" duration-ms="55717" started-at="2013-10-03T12:32:09Z" finished-at="2013-10-03T12:33:05Z">
      <class name="com.technopark.ConverterTest">
        <test-method status="PASS" signature="bigNumberTest()[pri:0, instance:com.technopark.ConverterTest@203fa5ac]" name="bigNumberTest" duration-ms="13820" started-at="2013-10-03T16:32:09Z" finished-at="2013-10-03T16:32:23Z">
          <reporter-output>
          </reporter-output>
        </test-method> <!-- bigNumberTest -->
        <test-method status="PASS" signature="correctInputTest()[pri:0, instance:com.technopark.ConverterTest@203fa5ac]" name="correctInputTest" duration-ms="5349" started-at="2013-10-03T16:32:23Z" finished-at="2013-10-03T16:32:29Z">
          <reporter-output>
          </reporter-output>
        </test-method> <!-- correctInputTest -->
        <test-method status="PASS" signature="emptyTest()[pri:0, instance:com.technopark.ConverterTest@203fa5ac]" name="emptyTest" duration-ms="5894" started-at="2013-10-03T16:32:29Z" finished-at="2013-10-03T16:32:35Z">
          <reporter-output>
          </reporter-output>
        </test-method> <!-- emptyTest -->
        <test-method status="PASS" signature="floatTest()[pri:0, instance:com.technopark.ConverterTest@203fa5ac]" name="floatTest" duration-ms="6117" started-at="2013-10-03T16:32:35Z" finished-at="2013-10-03T16:32:41Z">
          <reporter-output>
          </reporter-output>
        </test-method> <!-- floatTest -->
        <test-method status="PASS" signature="negativeTest()[pri:0, instance:com.technopark.ConverterTest@203fa5ac]" name="negativeTest" duration-ms="4665" started-at="2013-10-03T16:32:41Z" finished-at="2013-10-03T16:32:46Z">
          <reporter-output>
          </reporter-output>
        </test-method> <!-- negativeTest -->
        <test-method status="PASS" signature="oneTest()[pri:0, instance:com.technopark.ConverterTest@203fa5ac]" name="oneTest" duration-ms="7096" started-at="2013-10-03T16:32:46Z" finished-at="2013-10-03T16:32:53Z">
          <reporter-output>
          </reporter-output>
        </test-method> <!-- oneTest -->
        <test-method status="PASS" signature="wordTest()[pri:0, instance:com.technopark.ConverterTest@203fa5ac]" name="wordTest" duration-ms="4516" started-at="2013-10-03T16:32:53Z" finished-at="2013-10-03T16:32:57Z">
          <reporter-output>
          </reporter-output>
        </test-method> <!-- wordTest -->
        <test-method status="PASS" signature="zeroTest()[pri:0, instance:com.technopark.ConverterTest@203fa5ac]" name="zeroTest" duration-ms="7583" started-at="2013-10-03T16:32:57Z" finished-at="2013-10-03T16:33:05Z">
          <reporter-output>
          </reporter-output>
        </test-method> <!-- zeroTest -->
      </class> <!-- com.technopark.ConverterTest -->
    </test> <!-- TestFF -->
    <test name="TestChrome" duration-ms="56949" started-at="2013-10-03T12:32:09Z" finished-at="2013-10-03T12:33:06Z">
      <class name="com.technopark.ConverterTest">
        <test-method status="PASS" signature="bigNumberTest()[pri:0, instance:com.technopark.ConverterTest@2e273686]" name="bigNumberTest" duration-ms="5356" started-at="2013-10-03T16:32:09Z" finished-at="2013-10-03T16:32:15Z">
          <reporter-output>
          </reporter-output>
        </test-method> <!-- bigNumberTest -->
        <test-method status="PASS" signature="correctInputTest()[pri:0, instance:com.technopark.ConverterTest@2e273686]" name="correctInputTest" duration-ms="4856" started-at="2013-10-03T16:32:15Z" finished-at="2013-10-03T16:32:20Z">
          <reporter-output>
          </reporter-output>
        </test-method> <!-- correctInputTest -->
        <test-method status="PASS" signature="emptyTest()[pri:0, instance:com.technopark.ConverterTest@2e273686]" name="emptyTest" duration-ms="4627" started-at="2013-10-03T16:32:21Z" finished-at="2013-10-03T16:32:25Z">
          <reporter-output>
          </reporter-output>
        </test-method> <!-- emptyTest -->
        <test-method status="PASS" signature="floatTest()[pri:0, instance:com.technopark.ConverterTest@2e273686]" name="floatTest" duration-ms="4939" started-at="2013-10-03T16:32:26Z" finished-at="2013-10-03T16:32:31Z">
          <reporter-output>
          </reporter-output>
        </test-method> <!-- floatTest -->
        <test-method status="PASS" signature="negativeTest()[pri:0, instance:com.technopark.ConverterTest@2e273686]" name="negativeTest" duration-ms="4872" started-at="2013-10-03T16:32:31Z" finished-at="2013-10-03T16:32:36Z">
          <reporter-output>
          </reporter-output>
        </test-method> <!-- negativeTest -->
        <test-method status="PASS" signature="oneTest()[pri:0, instance:com.technopark.ConverterTest@2e273686]" name="oneTest" duration-ms="10746" started-at="2013-10-03T16:32:37Z" finished-at="2013-10-03T16:32:48Z">
          <reporter-output>
          </reporter-output>
        </test-method> <!-- oneTest -->
        <test-method status="PASS" signature="wordTest()[pri:0, instance:com.technopark.ConverterTest@2e273686]" name="wordTest" duration-ms="10553" started-at="2013-10-03T16:32:48Z" finished-at="2013-10-03T16:32:59Z">
          <reporter-output>
          </reporter-output>
        </test-method> <!-- wordTest -->
        <test-method status="PASS" signature="zeroTest()[pri:0, instance:com.technopark.ConverterTest@2e273686]" name="zeroTest" duration-ms="6486" started-at="2013-10-03T16:32:59Z" finished-at="2013-10-03T16:33:06Z">
          <reporter-output>
          </reporter-output>
        </test-method> <!-- zeroTest -->
      </class> <!-- com.technopark.ConverterTest -->
    </test> <!-- TestChrome -->
  </suite> <!-- Suite -->
</testng-results>
